<?xml version="1.0" encoding="UTF-8"?>
<!-- Generated by org.testng.reporters.JUnitReportReporter -->
<testsuite hostname="DESKTOP-V16AQSL" failures="0" tests="1" name="New.Tests" time="2.634" errors="0" timestamp="2023-12-12T12:54:15 IST" skipped="0">
  <testcase classname="New.Tests" name="Gs" time="2.634"/>
  <system-out/>
</testsuite> <!-- New.Tests -->
